{"target": 0.8265624181371772, "params": {"h_dim": 318.1889524296099, "z_dim": 40.40570201689791}, "datetime": {"datetime": "2024-06-13 16:07:54", "elapsed": 0.0, "delta": 0.0}}
{"target": 0.828832738546792, "params": {"h_dim": 387.41435479739, "z_dim": 44.66345676424563}, "datetime": {"datetime": "2024-06-13 16:16:21", "elapsed": 0.0, "delta": 0.0}}
{"target": 0.8217654553677353, "params": {"h_dim": 220.56652939625747, "z_dim": 19.70186991233826}, "datetime": {"datetime": "2024-06-13 16:18:21", "elapsed": 120.611139, "delta": 120.611139}}
{"target": 0.8270490966240451, "params": {"h_dim": 400.0, "z_dim": 5.0}, "datetime": {"datetime": "2024-06-13 16:20:33", "elapsed": 252.655159, "delta": 132.04402}}
{"target": 0.8323380181125292, "params": {"h_dim": 100.0, "z_dim": 60.0}, "datetime": {"datetime": "2024-06-13 16:23:56", "elapsed": 0.0, "delta": 0.0}}
{"target": 0.8323305847759731, "params": {"h_dim": 102.6198004605798, "z_dim": 59.65636087921548}, "datetime": {"datetime": "2024-06-13 16:39:33", "elapsed": 0.0, "delta": 0.0}}
{"target": 0.8179121418579999, "params": {"h_dim": 100.0, "z_dim": 5.0}, "datetime": {"datetime": "2024-06-13 16:41:18", "elapsed": 105.228676, "delta": 105.228676}}
{"target": 0.8283741785778622, "params": {"h_dim": 148.6109151578434, "z_dim": 60.0}, "datetime": {"datetime": "2024-06-13 16:43:21", "elapsed": 228.151596, "delta": 122.92292}}
{"target": 0.8173996773829404, "params": {"h_dim": 351.09244145123375, "z_dim": 5.0}, "datetime": {"datetime": "2024-06-13 16:45:27", "elapsed": 354.138987, "delta": 125.987391}}
{"target": 0.8315934797437478, "params": {"h_dim": 275.63163953402056, "z_dim": 59.617149723978045}, "datetime": {"datetime": "2024-06-13 16:47:47", "elapsed": 494.178831, "delta": 140.039844}}
{"target": 0.8245153285140022, "params": {"h_dim": 277.464886566474, "z_dim": 28.169014534592304}, "datetime": {"datetime": "2024-06-13 16:49:54", "elapsed": 621.281863, "delta": 127.103032}}
{"target": 0.8248295535927674, "params": {"h_dim": 251.2383320452912, "z_dim": 59.772310479053075}, "datetime": {"datetime": "2024-06-13 16:52:08", "elapsed": 755.268075, "delta": 133.986212}}
{"target": 0.8197163920655437, "params": {"h_dim": 296.7477433731635, "z_dim": 60.0}, "datetime": {"datetime": "2024-06-13 16:54:29", "elapsed": 895.43703, "delta": 140.168955}}
{"target": 0.8284781171286734, "params": {"h_dim": 100.0, "z_dim": 48.14018742481865}, "datetime": {"datetime": "2024-06-13 16:56:12", "elapsed": 998.717466, "delta": 103.280436}}
{"target": 0.8351334653015439, "params": {"h_dim": 120.61837538688212, "z_dim": 60.0}, "datetime": {"datetime": "2024-06-13 16:58:00", "elapsed": 1106.455856, "delta": 107.73839}}
{"target": 0.829876404631471, "params": {"h_dim": 127.8117571961739, "z_dim": 47.66154115543418}, "datetime": {"datetime": "2024-06-13 16:59:47", "elapsed": 1213.625175, "delta": 107.169319}}
{"target": 0.8235870585713087, "params": {"h_dim": 130.72702448613046, "z_dim": 59.78937899643003}, "datetime": {"datetime": "2024-06-13 17:01:35", "elapsed": 1322.318848, "delta": 108.693673}}
{"target": 0.824248189777491, "params": {"h_dim": 115.10879502509155, "z_dim": 55.94024009422021}, "datetime": {"datetime": "2024-06-13 17:03:23", "elapsed": 1429.687318, "delta": 107.36847}}
{"target": 0.8302707046874825, "params": {"h_dim": 123.0443302378004, "z_dim": 57.47041246482341}, "datetime": {"datetime": "2024-06-13 17:05:17", "elapsed": 1543.424677, "delta": 113.737359}}
{"target": 0.8275193961382945, "params": {"h_dim": 101.50291813511109, "z_dim": 54.49134244621887}, "datetime": {"datetime": "2024-06-13 17:07:01", "elapsed": 1648.193599, "delta": 104.768922}}
{"target": 0.8300950985193922, "params": {"h_dim": 274.37625597752856, "z_dim": 54.82008473253051}, "datetime": {"datetime": "2024-06-13 17:09:13", "elapsed": 1779.474995, "delta": 131.281396}}
{"target": 0.8270547613391447, "params": {"h_dim": 269.6708409391532, "z_dim": 59.7648068794776}, "datetime": {"datetime": "2024-06-13 17:11:27", "elapsed": 1914.301717, "delta": 134.826722}}
{"target": 0.8299394854634184, "params": {"h_dim": 281.3018757709683, "z_dim": 59.12264580365123}, "datetime": {"datetime": "2024-06-13 17:13:42", "elapsed": 2049.302689, "delta": 135.000972}}
{"target": 0.8320320209683659, "params": {"h_dim": 280.51726101042937, "z_dim": 52.45202908137092}, "datetime": {"datetime": "2024-06-13 17:15:52", "elapsed": 2178.841459, "delta": 129.53877}}
{"target": 0.8318012286843949, "params": {"h_dim": 278.25659478991906, "z_dim": 46.97623297502017}, "datetime": {"datetime": "2024-06-13 17:18:01", "elapsed": 2307.482363, "delta": 128.640904}}
{"target": 0.8245126883979152, "params": {"h_dim": 285.1749306412638, "z_dim": 48.08504366595159}, "datetime": {"datetime": "2024-06-13 17:20:10", "elapsed": 2437.277041, "delta": 129.794678}}
{"target": 0.8258669141574713, "params": {"h_dim": 273.2150493208487, "z_dim": 46.24046111460058}, "datetime": {"datetime": "2024-06-13 17:22:20", "elapsed": 2566.544817, "delta": 129.267776}}
{"target": 0.8254246818967701, "params": {"h_dim": 117.89360439339308, "z_dim": 59.9788265798952}, "datetime": {"datetime": "2024-06-13 17:24:07", "elapsed": 2674.153171, "delta": 107.608354}}
{"target": 0.8224511934811382, "params": {"h_dim": 278.52684579162747, "z_dim": 55.621938653106945}, "datetime": {"datetime": "2024-06-13 17:26:19", "elapsed": 2805.813611, "delta": 131.66044}}
{"target": 0.8283826628344142, "params": {"h_dim": 121.72486245440506, "z_dim": 59.04003947875838}, "datetime": {"datetime": "2024-06-13 17:28:07", "elapsed": 2914.18687, "delta": 108.373259}}
{"target": 0.8256753391318827, "params": {"h_dim": 120.07346501957468, "z_dim": 59.22538766573188}, "datetime": {"datetime": "2024-06-13 17:29:55", "elapsed": 3022.048883, "delta": 107.862013}}
{"target": 0.8285053897841758, "params": {"h_dim": 172.97821973173052, "z_dim": 45.424801101754426}, "datetime": {"datetime": "2024-06-13 17:31:47", "elapsed": 3133.35354, "delta": 111.304657}}
{"target": 0.8233983799837573, "params": {"h_dim": 106.5789936919722, "z_dim": 53.604627571970575}, "datetime": {"datetime": "2024-06-13 17:33:30", "elapsed": 3237.053653, "delta": 103.700113}}
{"target": 0.8256157955428484, "params": {"h_dim": 134.78016273128566, "z_dim": 25.680174055805868}, "datetime": {"datetime": "2024-06-13 17:35:11", "elapsed": 3338.171301, "delta": 101.117648}}
{"target": 0.8238437137400562, "params": {"h_dim": 263.52957353058883, "z_dim": 41.146421253873946}, "datetime": {"datetime": "2024-06-13 17:37:16", "elapsed": 3463.090527, "delta": 124.919226}}
{"target": 0.8299907498534609, "params": {"h_dim": 280.7043648807453, "z_dim": 30.92439355720993}, "datetime": {"datetime": "2024-06-13 17:39:18", "elapsed": 3584.379085, "delta": 121.288558}}
{"target": 0.8223407443527917, "params": {"h_dim": 330.2273382831979, "z_dim": 9.720261724958915}, "datetime": {"datetime": "2024-06-13 17:41:16", "elapsed": 3703.136295, "delta": 118.75721}}
{"target": 0.8231476971164496, "params": {"h_dim": 250.0995155059141, "z_dim": 40.106004096204536}, "datetime": {"datetime": "2024-06-13 17:43:16", "elapsed": 3823.077665, "delta": 119.94137}}
{"target": 0.8306312215104561, "params": {"h_dim": 123.16287613955663, "z_dim": 57.53512875704259}, "datetime": {"datetime": "2024-06-13 17:45:03", "elapsed": 3929.437168, "delta": 106.359503}}
{"target": 0.8254302953474798, "params": {"h_dim": 279.8836742765187, "z_dim": 52.950652584049706}, "datetime": {"datetime": "2024-06-13 17:47:13", "elapsed": 4060.165193, "delta": 130.728025}}
{"target": 0.8311118507992991, "params": {"h_dim": 281.1052162110679, "z_dim": 52.58086458053431}, "datetime": {"datetime": "2024-06-13 17:49:24", "elapsed": 4191.090787, "delta": 130.925594}}
{"target": 0.8323867705474597, "params": {"h_dim": 100.49272909225473, "z_dim": 59.50533897599875}, "datetime": {"datetime": "2024-06-13 17:51:09", "elapsed": 4295.635459, "delta": 104.544672}}
{"target": 0.8330210392132597, "params": {"h_dim": 101.56569361520523, "z_dim": 59.87838903718615}, "datetime": {"datetime": "2024-06-13 17:52:54", "elapsed": 4400.421871, "delta": 104.786412}}
{"target": 0.8237396982926601, "params": {"h_dim": 101.46936741302913, "z_dim": 58.8462637435357}, "datetime": {"datetime": "2024-06-13 17:54:38", "elapsed": 4504.865211, "delta": 104.44334}}
{"target": 0.8281493585953311, "params": {"h_dim": 281.15004842753126, "z_dim": 51.919623608911785}, "datetime": {"datetime": "2024-06-13 17:56:49", "elapsed": 4636.129834, "delta": 131.264623}}
{"target": 0.8272031461161226, "params": {"h_dim": 279.205114036258, "z_dim": 46.52674166781259}, "datetime": {"datetime": "2024-06-13 17:58:59", "elapsed": 4765.660253, "delta": 129.530419}}
{"target": 0.8309851508593092, "params": {"h_dim": 103.33453948059775, "z_dim": 59.82921695084398}, "datetime": {"datetime": "2024-06-13 18:00:44", "elapsed": 4870.516896, "delta": 104.856643}}
{"target": 0.821624990939019, "params": {"h_dim": 277.6706552493812, "z_dim": 47.70589280442354}, "datetime": {"datetime": "2024-06-13 18:02:53", "elapsed": 4999.826338, "delta": 129.309442}}
{"target": 0.8238675260492307, "params": {"h_dim": 120.93247262966754, "z_dim": 59.4778523484451}, "datetime": {"datetime": "2024-06-13 18:04:40", "elapsed": 5107.091915, "delta": 107.265577}}
{"target": 0.8367429108269264, "params": {"h_dim": 102.07942113999701, "z_dim": 59.631086721139816}, "datetime": {"datetime": "2024-06-13 18:06:24", "elapsed": 5210.986962, "delta": 103.895047}}
{"target": 0.8340910295622258, "params": {"h_dim": 102.37769324653173, "z_dim": 59.03526169590913}, "datetime": {"datetime": "2024-06-13 18:08:10", "elapsed": 5316.438912, "delta": 105.45195}}
{"target": 0.8408223002967491, "params": {"h_dim": 103.11564728875945, "z_dim": 58.930195937945264}, "datetime": {"datetime": "2024-06-13 18:09:54", "elapsed": 5421.172343, "delta": 104.733431}}
{"target": 0.8234395452889616, "params": {"h_dim": 117.2988913385565, "z_dim": 21.70581248762162}, "datetime": {"datetime": "2024-06-13 18:11:34", "elapsed": 5520.57988, "delta": 99.407537}}
{"target": 0.8382784587340628, "params": {"h_dim": 102.65085847112286, "z_dim": 59.03840041270098}, "datetime": {"datetime": "2024-06-13 18:13:18", "elapsed": 5624.77236, "delta": 104.19248}}
{"target": 0.8328554039690327, "params": {"h_dim": 302.3444169196526, "z_dim": 18.463290474936564}, "datetime": {"datetime": "2024-06-13 18:15:15", "elapsed": 5741.503486, "delta": 116.731126}}
{"target": 0.8280823047731556, "params": {"h_dim": 102.83507205142016, "z_dim": 59.14044557502331}, "datetime": {"datetime": "2024-06-13 18:16:59", "elapsed": 5845.871896, "delta": 104.36841}}
{"target": 0.823511674285751, "params": {"h_dim": 267.8301903251369, "z_dim": 30.214285681521492}, "datetime": {"datetime": "2024-06-13 18:18:57", "elapsed": 5963.336603, "delta": 117.464707}}
{"target": 0.8226116253897758, "params": {"h_dim": 280.73052483888057, "z_dim": 52.41941441552973}, "datetime": {"datetime": "2024-06-13 18:21:02", "elapsed": 6088.415784, "delta": 125.079181}}
{"target": 0.827523522921693, "params": {"h_dim": 207.47081356846073, "z_dim": 59.11587626866071}, "datetime": {"datetime": "2024-06-13 18:23:00", "elapsed": 6206.629639, "delta": 118.213855}}
{"target": 0.8265503453733222, "params": {"h_dim": 278.4729953328324, "z_dim": 46.92271386633959}, "datetime": {"datetime": "2024-06-13 18:25:04", "elapsed": 6330.822782, "delta": 124.193143}}
{"target": 0.8218490675878947, "params": {"h_dim": 387.4884770199924, "z_dim": 44.625735951253354}, "datetime": {"datetime": "2024-06-13 18:27:21", "elapsed": 6468.113382, "delta": 137.2906}}
{"target": 0.8188441541011666, "params": {"h_dim": 144.46530240031788, "z_dim": 22.479242457656007}, "datetime": {"datetime": "2024-06-13 18:29:02", "elapsed": 6568.759923, "delta": 100.646541}}
{"target": 0.8283396263789737, "params": {"h_dim": 206.8881069114388, "z_dim": 44.25990749332375}, "datetime": {"datetime": "2024-06-13 18:30:56", "elapsed": 6683.295737, "delta": 114.535814}}
{"target": 0.8345861923056457, "params": {"h_dim": 172.59530510867694, "z_dim": 27.347012215467515}, "datetime": {"datetime": "2024-06-13 18:32:40", "elapsed": 6787.214746, "delta": 103.919009}}
{"target": 0.8161466987937179, "params": {"h_dim": 265.4091967226983, "z_dim": 12.939017374491876}, "datetime": {"datetime": "2024-06-13 18:34:30", "elapsed": 6896.983022, "delta": 109.768276}}
{"target": 0.8212616802067881, "params": {"h_dim": 170.81478145312929, "z_dim": 11.228836660308922}, "datetime": {"datetime": "2024-06-13 18:36:10", "elapsed": 6997.054211, "delta": 100.071189}}
{"target": 0.8278948565309654, "params": {"h_dim": 215.22342428559222, "z_dim": 30.79561223753553}, "datetime": {"datetime": "2024-06-13 18:38:02", "elapsed": 7108.507803, "delta": 111.453592}}
{"target": 0.8289671794096783, "params": {"h_dim": 221.98895572548167, "z_dim": 14.634750335220275}, "datetime": {"datetime": "2024-06-13 18:39:49", "elapsed": 7215.939002, "delta": 107.431199}}
{"target": 0.8232139563405797, "params": {"h_dim": 390.4340284734566, "z_dim": 31.167996169057545}, "datetime": {"datetime": "2024-06-13 18:42:01", "elapsed": 7347.719639, "delta": 131.780637}}
{"target": 0.8222400610907484, "params": {"h_dim": 352.5960261578243, "z_dim": 28.870257289806613}, "datetime": {"datetime": "2024-06-13 18:44:04", "elapsed": 7470.417641, "delta": 122.698002}}
{"target": 0.8195806695929064, "params": {"h_dim": 340.6663424727425, "z_dim": 27.066468051095818}, "datetime": {"datetime": "2024-06-13 18:46:07", "elapsed": 7593.379838, "delta": 122.962197}}
{"target": 0.827300215238668, "params": {"h_dim": 256.23962430075073, "z_dim": 38.1227003216301}, "datetime": {"datetime": "2024-06-13 18:48:02", "elapsed": 7708.860317, "delta": 115.480479}}
{"target": 0.8215667545919307, "params": {"h_dim": 303.95851674759166, "z_dim": 52.149582586203806}, "datetime": {"datetime": "2024-06-13 18:50:12", "elapsed": 7839.156284, "delta": 130.295967}}
{"target": 0.8243647393682526, "params": {"h_dim": 367.12966838250554, "z_dim": 21.369373537437824}, "datetime": {"datetime": "2024-06-13 18:52:16", "elapsed": 7962.983201, "delta": 123.826917}}
{"target": 0.8270407148962732, "params": {"h_dim": 176.82478330854178, "z_dim": 27.773379609387824}, "datetime": {"datetime": "2024-06-13 18:54:01", "elapsed": 8067.420175, "delta": 104.436974}}
{"target": 0.8219287580822155, "params": {"h_dim": 104.62101901182382, "z_dim": 9.689793403227275}, "datetime": {"datetime": "2024-06-13 18:55:35", "elapsed": 8161.614455, "delta": 94.19428}}
{"target": 0.8251849439767367, "params": {"h_dim": 181.32368615721097, "z_dim": 43.835421465121065}, "datetime": {"datetime": "2024-06-13 18:57:27", "elapsed": 8273.715647, "delta": 112.101192}}
{"target": 0.8247170795210144, "params": {"h_dim": 267.9674567545164, "z_dim": 55.42849234807859}, "datetime": {"datetime": "2024-06-13 18:59:34", "elapsed": 8400.857287, "delta": 127.14164}}
{"target": 0.8291455025904408, "params": {"h_dim": 151.94659015238585, "z_dim": 43.91912938368675}, "datetime": {"datetime": "2024-06-13 19:01:21", "elapsed": 8507.760984, "delta": 106.903697}}
{"target": 0.8265177412212551, "params": {"h_dim": 304.02225356057977, "z_dim": 16.036137362885388}, "datetime": {"datetime": "2024-06-13 19:03:17", "elapsed": 8623.402584, "delta": 115.6416}}
{"target": 0.8250974869273243, "params": {"h_dim": 227.66880403011783, "z_dim": 39.89187859656394}, "datetime": {"datetime": "2024-06-13 19:05:14", "elapsed": 8741.213555, "delta": 117.810971}}
{"target": 0.8288643430432531, "params": {"h_dim": 258.71258220978103, "z_dim": 50.906615215196126}, "datetime": {"datetime": "2024-06-13 19:07:19", "elapsed": 8865.927745, "delta": 124.71419}}
{"target": 0.8265409127255542, "params": {"h_dim": 266.00775612971154, "z_dim": 45.026072903877605}, "datetime": {"datetime": "2024-06-13 19:09:23", "elapsed": 8989.59073, "delta": 123.662985}}
{"target": 0.815531782435159, "params": {"h_dim": 237.50038055860287, "z_dim": 19.229760928582397}, "datetime": {"datetime": "2024-06-13 19:11:14", "elapsed": 9100.704356, "delta": 111.113626}}
{"target": 0.8187931716652692, "params": {"h_dim": 317.1687705883619, "z_dim": 13.31241564467218}, "datetime": {"datetime": "2024-06-13 19:13:10", "elapsed": 9216.653162, "delta": 115.948806}}
{"target": 0.8261151875984468, "params": {"h_dim": 197.97432992841522, "z_dim": 39.87633600903376}, "datetime": {"datetime": "2024-06-13 19:15:02", "elapsed": 9328.839175, "delta": 112.186013}}
{"target": 0.8171925948793642, "params": {"h_dim": 337.79624533371157, "z_dim": 22.265312118271513}, "datetime": {"datetime": "2024-06-13 19:17:04", "elapsed": 9450.833685, "delta": 121.99451}}
{"target": 0.8277345271511077, "params": {"h_dim": 167.0456272301449, "z_dim": 47.752864337195675}, "datetime": {"datetime": "2024-06-13 19:19:01", "elapsed": 9568.312777, "delta": 117.479092}}
{"target": 0.8196704079076756, "params": {"h_dim": 110.25137437245748, "z_dim": 12.870816532760667}, "datetime": {"datetime": "2024-06-13 19:20:38", "elapsed": 9664.574705, "delta": 96.261928}}
{"target": 0.8130383081356894, "params": {"h_dim": 352.4712559318476, "z_dim": 17.765369585434918}, "datetime": {"datetime": "2024-06-13 19:22:37", "elapsed": 9783.948624, "delta": 119.373919}}
{"target": 0.8285395062357491, "params": {"h_dim": 129.0459968200297, "z_dim": 5.549431204304866}, "datetime": {"datetime": "2024-06-13 19:24:13", "elapsed": 9879.795743, "delta": 95.847119}}
{"target": 0.8277127141531447, "params": {"h_dim": 238.02460164157046, "z_dim": 46.46454621423309}, "datetime": {"datetime": "2024-06-13 19:26:13", "elapsed": 9999.516951, "delta": 119.721208}}
{"target": 0.8298122985117229, "params": {"h_dim": 200.90853365775376, "z_dim": 17.816187600026367}, "datetime": {"datetime": "2024-06-13 19:27:58", "elapsed": 10104.417011, "delta": 104.90006}}
{"target": 0.8206171842951746, "params": {"h_dim": 270.2785840725597, "z_dim": 41.72940253661517}, "datetime": {"datetime": "2024-06-13 19:30:04", "elapsed": 10231.109494, "delta": 126.692483}}
{"target": 0.8283286045351146, "params": {"h_dim": 325.5633199929655, "z_dim": 23.651726656287117}, "datetime": {"datetime": "2024-06-13 19:32:34", "elapsed": 10380.695134, "delta": 149.58564}}
{"target": 0.8219016648520782, "params": {"h_dim": 253.16080731624618, "z_dim": 17.372170173239144}, "datetime": {"datetime": "2024-06-13 19:35:07", "elapsed": 10533.490227, "delta": 152.795093}}
