{"target": 0.8100839413375432, "params": {"h_dim1": 290.34263636298135, "h_dim2": 298.75469792955494, "z_dim": 56.09621064403779}, "datetime": {"datetime": "2024-06-13 16:38:59", "elapsed": 0.0, "delta": 0.0}}
{"target": 0.8089517672834559, "params": {"h_dim1": 168.11808233928917, "h_dim2": 262.7402506189286, "z_dim": 20.612779312063417}, "datetime": {"datetime": "2024-06-13 16:40:33", "elapsed": 93.674682, "delta": 93.674682}}
{"target": 0.8132198353408296, "params": {"h_dim1": 291.49539096737533, "h_dim2": 299.9972555780573, "z_dim": 52.945282776178786}, "datetime": {"datetime": "2024-06-13 16:42:34", "elapsed": 215.05644, "delta": 121.381758}}
{"target": 0.8127027314384716, "params": {"h_dim1": 333.24523966708824, "h_dim2": 156.57440713349285, "z_dim": 17.896396712159465}, "datetime": {"datetime": "2024-06-13 16:44:30", "elapsed": 330.675848, "delta": 115.619408}}
{"target": 0.8123093028770909, "params": {"h_dim1": 171.52844433889655, "h_dim2": 343.16330360687834, "z_dim": 43.71215676523308}, "datetime": {"datetime": "2024-06-13 16:46:31", "elapsed": 452.228119, "delta": 121.552271}}
{"target": 0.80790607625537, "params": {"h_dim1": 305.61144232687343, "h_dim2": 231.1054268687117, "z_dim": 52.822721211744614}, "datetime": {"datetime": "2024-06-13 16:48:29", "elapsed": 570.235331, "delta": 118.007212}}
{"target": 0.8090267670860879, "params": {"h_dim1": 289.88050715641685, "h_dim2": 145.3654747207959, "z_dim": 23.310326266187918}, "datetime": {"datetime": "2024-06-13 16:50:20", "elapsed": 681.160869, "delta": 110.925538}}
{"target": 0.8073977898280993, "params": {"h_dim1": 392.35839565326233, "h_dim2": 140.53102482620622, "z_dim": 32.27282788472197}, "datetime": {"datetime": "2024-06-13 16:52:13", "elapsed": 794.128913, "delta": 112.968044}}
{"target": 0.8105710299395317, "params": {"h_dim1": 240.5944808454374, "h_dim2": 183.41709475844203, "z_dim": 41.15393585398156}, "datetime": {"datetime": "2024-06-13 16:54:05", "elapsed": 906.55517, "delta": 112.426257}}
{"target": 0.8079016931500216, "params": {"h_dim1": 144.1154393042208, "h_dim2": 276.00571083619195, "z_dim": 38.23533602705783}, "datetime": {"datetime": "2024-06-13 16:55:51", "elapsed": 1011.889097, "delta": 105.333927}}
{"target": 0.808302247461618, "params": {"h_dim1": 291.13318953792555, "h_dim2": 296.0595802916471, "z_dim": 52.597446996279295}, "datetime": {"datetime": "2024-06-13 16:57:41", "elapsed": 1122.473864, "delta": 110.584767}}
{"target": 0.8071510799510199, "params": {"h_dim1": 298.7251830670122, "h_dim2": 371.24699931827627, "z_dim": 39.67474243006491}, "datetime": {"datetime": "2024-06-13 16:59:39", "elapsed": 1239.912022, "delta": 117.438158}}
{"target": 0.8097106596814492, "params": {"h_dim1": 171.91868721487305, "h_dim2": 344.899082870194, "z_dim": 44.31963231008759}, "datetime": {"datetime": "2024-06-13 17:01:36", "elapsed": 1357.302885, "delta": 117.390863}}
{"target": 0.8105779762643824, "params": {"h_dim1": 175.45235068178624, "h_dim2": 342.87531669173785, "z_dim": 44.195242217593254}, "datetime": {"datetime": "2024-06-13 17:03:29", "elapsed": 1469.998604, "delta": 112.695719}}
{"target": 0.808089448978552, "params": {"h_dim1": 289.15403300034154, "h_dim2": 299.08219038847545, "z_dim": 57.62331083214226}, "datetime": {"datetime": "2024-06-13 17:05:28", "elapsed": 1589.182639, "delta": 119.184035}}
{"target": 0.8081632697002129, "params": {"h_dim1": 378.9184289608739, "h_dim2": 192.62803491759402, "z_dim": 57.154294490920066}, "datetime": {"datetime": "2024-06-13 17:07:17", "elapsed": 1698.046299, "delta": 108.86366}}
{"target": 0.8097053025526899, "params": {"h_dim1": 331.2600233986122, "h_dim2": 156.32094998963035, "z_dim": 19.89113762655125}, "datetime": {"datetime": "2024-06-13 17:08:56", "elapsed": 1796.951929, "delta": 98.90563}}
{"target": 0.8122871566605925, "params": {"h_dim1": 242.0261244733389, "h_dim2": 181.98554369520906, "z_dim": 43.052537585981376}, "datetime": {"datetime": "2024-06-13 17:10:35", "elapsed": 1895.659925, "delta": 98.707996}}
{"target": 0.8070882810732181, "params": {"h_dim1": 396.9133465773069, "h_dim2": 342.43480931554177, "z_dim": 58.80487175478468}, "datetime": {"datetime": "2024-06-13 17:12:51", "elapsed": 2031.763621, "delta": 136.103696}}
{"target": 0.807099277284882, "params": {"h_dim1": 290.88752972758664, "h_dim2": 299.9627435655631, "z_dim": 52.20520068497408}, "datetime": {"datetime": "2024-06-13 17:14:43", "elapsed": 2144.459742, "delta": 112.696121}}
{"target": 0.8142486603845916, "params": {"h_dim1": 278.74936790711274, "h_dim2": 342.8127586838014, "z_dim": 20.527344868017444}, "datetime": {"datetime": "2024-06-13 17:16:38", "elapsed": 2258.694406, "delta": 114.234664}}
{"target": 0.8084352272893881, "params": {"h_dim1": 371.2563518111942, "h_dim2": 387.62570476993676, "z_dim": 38.761786535106964}, "datetime": {"datetime": "2024-06-13 17:18:57", "elapsed": 2397.824218, "delta": 139.129812}}
{"target": 0.8095984162994513, "params": {"h_dim1": 106.50286257641143, "h_dim2": 358.0945485580203, "z_dim": 27.711421407348528}, "datetime": {"datetime": "2024-06-13 17:20:35", "elapsed": 2496.444016, "delta": 98.619798}}
{"target": 0.8087386612140494, "params": {"h_dim1": 134.21514730831032, "h_dim2": 231.5822919070359, "z_dim": 27.06479955663375}, "datetime": {"datetime": "2024-06-13 17:22:02", "elapsed": 2583.386228, "delta": 86.942212}}
{"target": 0.814665773094172, "params": {"h_dim1": 211.7653851919476, "h_dim2": 182.40520931752116, "z_dim": 29.77440357037635}, "datetime": {"datetime": "2024-06-13 17:23:32", "elapsed": 2673.12716, "delta": 89.740932}}
{"target": 0.8085462659582202, "params": {"h_dim1": 146.3389117669156, "h_dim2": 376.01830638471364, "z_dim": 55.821061784534656}, "datetime": {"datetime": "2024-06-13 17:25:14", "elapsed": 2775.418494, "delta": 102.291334}}
{"target": 0.8115210103514081, "params": {"h_dim1": 288.9379932123524, "h_dim2": 332.9649488333922, "z_dim": 36.849338020658706}, "datetime": {"datetime": "2024-06-13 17:27:06", "elapsed": 2887.493351, "delta": 112.074857}}
{"target": 0.8082522390491317, "params": {"h_dim1": 102.37465197788615, "h_dim2": 348.69650745150074, "z_dim": 8.54163219621234}, "datetime": {"datetime": "2024-06-13 17:28:42", "elapsed": 2982.918842, "delta": 95.425491}}
{"target": 0.8085602098723116, "params": {"h_dim1": 103.50559083618455, "h_dim2": 135.31788261195695, "z_dim": 51.84496320716289}, "datetime": {"datetime": "2024-06-13 17:30:07", "elapsed": 3068.518714, "delta": 85.599872}}
{"target": 0.8080998556497305, "params": {"h_dim1": 282.16049275020157, "h_dim2": 300.8122746807421, "z_dim": 9.188290299409818}, "datetime": {"datetime": "2024-06-13 17:31:54", "elapsed": 3175.139526, "delta": 106.620812}}
{"target": 0.8079268383333372, "params": {"h_dim1": 285.0922798157742, "h_dim2": 221.13141756291174, "z_dim": 41.75684440051847}, "datetime": {"datetime": "2024-06-13 17:33:40", "elapsed": 3281.347148, "delta": 106.207622}}
{"target": 0.8076855881137975, "params": {"h_dim1": 122.84001933368201, "h_dim2": 197.7956363788149, "z_dim": 43.00154624516287}, "datetime": {"datetime": "2024-06-13 17:35:10", "elapsed": 3370.98094, "delta": 89.633792}}
{"target": 0.8116631665049959, "params": {"h_dim1": 233.98736699145658, "h_dim2": 152.91766938254017, "z_dim": 45.00249230198029}, "datetime": {"datetime": "2024-06-13 17:36:53", "elapsed": 3474.110762, "delta": 103.129822}}
{"target": 0.8099306095469262, "params": {"h_dim1": 313.82932430922733, "h_dim2": 106.27953984178644, "z_dim": 40.54233738920484}, "datetime": {"datetime": "2024-06-13 17:38:32", "elapsed": 3573.530917, "delta": 99.420155}}
{"target": 0.8095071144207856, "params": {"h_dim1": 139.74111067916516, "h_dim2": 221.06021136784267, "z_dim": 14.444652451241689}, "datetime": {"datetime": "2024-06-13 17:39:58", "elapsed": 3658.739931, "delta": 85.209014}}
{"target": 0.8076327857920538, "params": {"h_dim1": 112.30811934328788, "h_dim2": 185.09409689628964, "z_dim": 23.520036301443568}, "datetime": {"datetime": "2024-06-13 17:41:24", "elapsed": 3744.823082, "delta": 86.083151}}
{"target": 0.8076580078719544, "params": {"h_dim1": 360.2766750167202, "h_dim2": 322.1179722853868, "z_dim": 20.581006589183968}, "datetime": {"datetime": "2024-06-13 17:43:25", "elapsed": 3865.7113, "delta": 120.888218}}
{"target": 0.8098656063003525, "params": {"h_dim1": 186.153254308103, "h_dim2": 213.25967427391612, "z_dim": 46.09001234954928}, "datetime": {"datetime": "2024-06-13 17:45:10", "elapsed": 3971.498177, "delta": 105.786877}}
{"target": 0.8052483252180096, "params": {"h_dim1": 169.99214313359857, "h_dim2": 285.97868014014955, "z_dim": 12.163247544726346}, "datetime": {"datetime": "2024-06-13 17:46:47", "elapsed": 4068.129564, "delta": 96.631387}}
{"target": 0.8108051800410505, "params": {"h_dim1": 340.9485208555071, "h_dim2": 196.79990005619464, "z_dim": 59.911455546337834}, "datetime": {"datetime": "2024-06-13 17:48:38", "elapsed": 4179.17433, "delta": 111.044766}}
{"target": 0.8099826429028196, "params": {"h_dim1": 311.4722757766707, "h_dim2": 255.1833858848576, "z_dim": 52.46266114012758}, "datetime": {"datetime": "2024-06-13 17:50:32", "elapsed": 4292.963114, "delta": 113.788784}}
{"target": 0.8080444901084846, "params": {"h_dim1": 107.87453830082464, "h_dim2": 114.99342895417821, "z_dim": 8.503748908383969}, "datetime": {"datetime": "2024-06-13 17:51:47", "elapsed": 4368.420661, "delta": 75.457547}}
{"target": 0.8055877980088706, "params": {"h_dim1": 377.4802753635602, "h_dim2": 305.4698676255571, "z_dim": 59.94147035795067}, "datetime": {"datetime": "2024-06-13 17:53:55", "elapsed": 4496.255614, "delta": 127.834953}}
{"target": 0.8097011501370962, "params": {"h_dim1": 164.3066604573937, "h_dim2": 323.0630287338337, "z_dim": 48.08078111263757}, "datetime": {"datetime": "2024-06-13 17:55:46", "elapsed": 4607.23662, "delta": 110.981006}}
{"target": 0.8129359331487747, "params": {"h_dim1": 307.6891581957649, "h_dim2": 149.797570801934, "z_dim": 34.131438003425686}, "datetime": {"datetime": "2024-06-13 17:57:36", "elapsed": 4716.838178, "delta": 109.601558}}
{"target": 0.8077796070051353, "params": {"h_dim1": 192.09533177863113, "h_dim2": 128.22406582203084, "z_dim": 49.848564072771815}, "datetime": {"datetime": "2024-06-13 17:59:06", "elapsed": 4807.098312, "delta": 90.260134}}
{"target": 0.8075994895707213, "params": {"h_dim1": 299.79871924582983, "h_dim2": 385.3800181054394, "z_dim": 23.24353779264571}, "datetime": {"datetime": "2024-06-13 18:01:11", "elapsed": 4932.522557, "delta": 125.424245}}
{"target": 0.8076645697138801, "params": {"h_dim1": 281.71687355661186, "h_dim2": 124.21083270147318, "z_dim": 14.798355724065209}, "datetime": {"datetime": "2024-06-13 18:02:50", "elapsed": 5031.536581, "delta": 99.014024}}
{"target": 0.8112826565699058, "params": {"h_dim1": 179.9696680931317, "h_dim2": 301.76837758674253, "z_dim": 51.80855272841523}, "datetime": {"datetime": "2024-06-13 18:04:48", "elapsed": 5148.806158, "delta": 117.269577}}
{"target": 0.8067873847358639, "params": {"h_dim1": 296.79330574098265, "h_dim2": 216.82430812236157, "z_dim": 23.898753723615307}, "datetime": {"datetime": "2024-06-13 18:06:37", "elapsed": 5257.628336, "delta": 108.822178}}
{"target": 0.8131590614064343, "params": {"h_dim1": 354.6813300803623, "h_dim2": 153.8423264925749, "z_dim": 16.257834467839487}, "datetime": {"datetime": "2024-06-13 18:08:25", "elapsed": 5366.477994, "delta": 108.849658}}
