{"target": 0.7137885195422509, "params": {"h_dim1": 277.28925773907963, "h_dim2": 313.9848876934417, "z_dim": 52.85810863969395}, "datetime": {"datetime": "2024-06-13 16:54:26", "elapsed": 0.0, "delta": 0.0}}
{"target": 0.713020139133024, "params": {"h_dim1": 191.11215338665298, "h_dim2": 245.35414682910988, "z_dim": 49.736541744275854}, "datetime": {"datetime": "2024-06-13 16:55:37", "elapsed": 71.633601, "delta": 71.633601}}
{"target": 0.7192262049981606, "params": {"h_dim1": 280.43859040139426, "h_dim2": 314.29644932922344, "z_dim": 49.40621445061964}, "datetime": {"datetime": "2024-06-13 16:57:03", "elapsed": 157.123604, "delta": 85.490003}}
{"target": 0.7652292548835931, "params": {"h_dim1": 302.0828566166682, "h_dim2": 374.67061939250806, "z_dim": 11.748061371615378}, "datetime": {"datetime": "2024-06-13 16:58:27", "elapsed": 241.521106, "delta": 84.397502}}
{"target": 0.8042617978620916, "params": {"h_dim1": 304.96825736121014, "h_dim2": 350.8017635576721, "z_dim": 12.348097202471383}, "datetime": {"datetime": "2024-06-13 16:59:52", "elapsed": 326.116105, "delta": 84.594999}}
{"target": 0.8057549539583037, "params": {"h_dim1": 327.42738757832274, "h_dim2": 336.0004636380913, "z_dim": 5.0}, "datetime": {"datetime": "2024-06-13 17:01:20", "elapsed": 414.678439, "delta": 88.562334}}
{"target": 0.7113941991863713, "params": {"h_dim1": 351.95352149098835, "h_dim2": 349.09436406892644, "z_dim": 42.063311347796514}, "datetime": {"datetime": "2024-06-13 17:03:05", "elapsed": 518.912339, "delta": 104.2339}}
{"target": 0.8113095978748064, "params": {"h_dim1": 303.12910087927634, "h_dim2": 320.1913934215261, "z_dim": 5.0}, "datetime": {"datetime": "2024-06-13 17:04:33", "elapsed": 607.167223, "delta": 88.254884}}
{"target": 0.8221021741504686, "params": {"h_dim1": 342.36989024826755, "h_dim2": 264.73245620338514, "z_dim": 5.0}, "datetime": {"datetime": "2024-06-13 17:23:12", "elapsed": 1726.768336, "delta": 1119.601113}}
{"target": 0.813380075059892, "params": {"h_dim1": 367.5242949621514, "h_dim2": 218.54140061846692, "z_dim": 5.0}, "datetime": {"datetime": "2024-06-13 17:36:16", "elapsed": 2509.895616, "delta": 783.12728}}
{"target": 0.8081091335184746, "params": {"h_dim1": 311.5027878289757, "h_dim2": 213.33420648420142, "z_dim": 5.0}, "datetime": {"datetime": "2024-06-13 17:37:37", "elapsed": 2591.637019, "delta": 81.741403}}
{"target": 0.6742797885456235, "params": {"h_dim1": 351.5078957671164, "h_dim2": 182.48322929920806, "z_dim": 59.574950860249295}, "datetime": {"datetime": "2024-06-13 17:39:19", "elapsed": 2693.364806, "delta": 101.727787}}
{"target": 0.8107901447350762, "params": {"h_dim1": 396.40587085333794, "h_dim2": 256.96157468412855, "z_dim": 7.054142537326035}, "datetime": {"datetime": "2024-06-13 17:50:37", "elapsed": 3371.720051, "delta": 678.355245}}
{"target": 0.8055586647880866, "params": {"h_dim1": 100.0, "h_dim2": 400.0, "z_dim": 5.0}, "datetime": {"datetime": "2024-06-13 17:58:09", "elapsed": 3823.474918, "delta": 451.754867}}
{"target": 0.692915373693828, "params": {"h_dim1": 100.0, "h_dim2": 360.9862048472436, "z_dim": 60.0}, "datetime": {"datetime": "2024-06-13 17:59:20", "elapsed": 3893.909935, "delta": 70.435017}}
{"target": 0.8256569098949845, "params": {"h_dim1": 167.58938034122028, "h_dim2": 400.0, "z_dim": 5.0}, "datetime": {"datetime": "2024-06-13 18:00:55", "elapsed": 3989.741679, "delta": 95.831744}}
{"target": 0.8345992739609986, "params": {"h_dim1": 217.49355631594193, "h_dim2": 400.0, "z_dim": 5.0}, "datetime": {"datetime": "2024-06-13 18:02:14", "elapsed": 4068.1969, "delta": 78.455221}}
{"target": 0.7189149949711937, "params": {"h_dim1": 202.67424383800918, "h_dim2": 400.0, "z_dim": 55.25233758222678}, "datetime": {"datetime": "2024-06-13 18:35:57", "elapsed": 6091.007382, "delta": 2022.810482}}
{"target": 0.8310898409419272, "params": {"h_dim1": 200.78105448298058, "h_dim2": 356.89075788884975, "z_dim": 5.0}, "datetime": {"datetime": "2024-06-13 18:37:05", "elapsed": 6159.813297, "delta": 68.805915}}
{"target": 0.786246113246207, "params": {"h_dim1": 100.0, "h_dim2": 100.0, "z_dim": 5.0}, "datetime": {"datetime": "2024-06-13 18:38:03", "elapsed": 6217.003825, "delta": 57.190528}}
{"target": 0.7399770958521763, "params": {"h_dim1": 201.70676245512368, "h_dim2": 100.0, "z_dim": 5.0}, "datetime": {"datetime": "2024-06-13 18:54:07", "elapsed": 7181.069198, "delta": 964.065373}}
{"target": 0.8167915672542391, "params": {"h_dim1": 242.09882286286776, "h_dim2": 360.2993855850929, "z_dim": 5.0}, "datetime": {"datetime": "2024-06-13 18:55:15", "elapsed": 7249.466368, "delta": 68.39717}}
{"target": 0.6737100745110973, "params": {"h_dim1": 102.74469086218475, "h_dim2": 159.5940596890785, "z_dim": 59.65290771643461}, "datetime": {"datetime": "2024-06-13 18:56:20", "elapsed": 7314.796738, "delta": 65.33037}}
{"target": 0.7386099303574175, "params": {"h_dim1": 395.61631884110494, "h_dim2": 102.27850413150767, "z_dim": 6.328662049179556}, "datetime": {"datetime": "2024-06-13 18:57:31", "elapsed": 7385.292165, "delta": 70.495427}}
{"target": 0.8214988396525317, "params": {"h_dim1": 151.34335186039533, "h_dim2": 347.0214251253502, "z_dim": 5.0}, "datetime": {"datetime": "2024-06-13 18:58:44", "elapsed": 7458.194907, "delta": 72.902742}}
{"target": 0.7065203866339708, "params": {"h_dim1": 107.28180174106531, "h_dim2": 286.5898362490743, "z_dim": 5.526544186187352}, "datetime": {"datetime": "2024-06-13 18:59:59", "elapsed": 7533.323224, "delta": 75.128317}}
{"target": 0.8072703878565332, "params": {"h_dim1": 272.4436226890629, "h_dim2": 248.01654932445797, "z_dim": 5.0}, "datetime": {"datetime": "2024-06-13 19:08:34", "elapsed": 8048.018218, "delta": 514.694994}}
{"target": 0.763701663282433, "params": {"h_dim1": 253.00028295478003, "h_dim2": 185.82297685148043, "z_dim": 5.0}, "datetime": {"datetime": "2024-06-13 19:10:00", "elapsed": 8134.648805, "delta": 86.630587}}
{"target": 0.8189849798711908, "params": {"h_dim1": 206.78156398719844, "h_dim2": 309.85719081104867, "z_dim": 5.0}, "datetime": {"datetime": "2024-06-13 19:11:01", "elapsed": 8195.756647, "delta": 61.107842}}
{"target": 0.7565745438772139, "params": {"h_dim1": 287.83575952058396, "h_dim2": 101.72003393674277, "z_dim": 5.761397830129786}, "datetime": {"datetime": "2024-06-13 19:11:55", "elapsed": 8249.670395, "delta": 53.913748}}
{"target": 0.800794475322444, "params": {"h_dim1": 178.2093492179553, "h_dim2": 328.0750714731018, "z_dim": 5.0}, "datetime": {"datetime": "2024-06-13 19:22:23", "elapsed": 8877.408631, "delta": 627.738236}}
{"target": 0.8050115002360902, "params": {"h_dim1": 246.40417195142405, "h_dim2": 305.1299823691338, "z_dim": 5.0}, "datetime": {"datetime": "2024-06-13 19:23:36", "elapsed": 8950.351932, "delta": 72.943301}}
{"target": 0.8250596202884486, "params": {"h_dim1": 138.7192830135808, "h_dim2": 379.6278679490384, "z_dim": 5.0}, "datetime": {"datetime": "2024-06-13 19:53:16", "elapsed": 10730.754773, "delta": 1780.402841}}
{"target": 0.803306569180454, "params": {"h_dim1": 192.73141872922372, "h_dim2": 383.38059207036014, "z_dim": 5.0}, "datetime": {"datetime": "2024-06-13 19:54:25", "elapsed": 10799.504038, "delta": 68.749265}}
{"target": 0.7176591518025729, "params": {"h_dim1": 400.0, "h_dim2": 267.6888263293083, "z_dim": 60.0}, "datetime": {"datetime": "2024-06-13 20:04:17", "elapsed": 11390.907233, "delta": 591.403195}}
{"target": 0.8122459447608315, "params": {"h_dim1": 309.8670471820143, "h_dim2": 254.66955047115223, "z_dim": 5.0}, "datetime": {"datetime": "2024-06-13 20:05:21", "elapsed": 11455.355366, "delta": 64.448133}}
{"target": 0.8344741650850334, "params": {"h_dim1": 400.0, "h_dim2": 400.0, "z_dim": 5.0}, "datetime": {"datetime": "2024-06-13 20:06:31", "elapsed": 11525.817778, "delta": 70.462412}}
{"target": 0.7158656528998906, "params": {"h_dim1": 400.0, "h_dim2": 400.0, "z_dim": 54.09704784870905}, "datetime": {"datetime": "2024-06-13 20:07:52", "elapsed": 11606.052188, "delta": 80.23441}}
{"target": 0.8442796581389777, "params": {"h_dim1": 396.92949174813117, "h_dim2": 323.6000058102839, "z_dim": 5.356409714663769}, "datetime": {"datetime": "2024-06-13 20:09:01", "elapsed": 11674.967379, "delta": 68.915191}}
{"target": 0.8375293482873533, "params": {"h_dim1": 399.76356793061973, "h_dim2": 355.51351803703824, "z_dim": 6.459235880350188}, "datetime": {"datetime": "2024-06-13 20:10:20", "elapsed": 11754.125049, "delta": 79.15767}}
{"target": 0.8143564948214976, "params": {"h_dim1": 377.2292733466618, "h_dim2": 313.7738015045087, "z_dim": 5.162466529754489}, "datetime": {"datetime": "2024-06-13 20:11:38", "elapsed": 11832.130148, "delta": 78.005099}}
{"target": 0.654045023981239, "params": {"h_dim1": 250.40904696709032, "h_dim2": 100.0, "z_dim": 60.0}, "datetime": {"datetime": "2024-06-13 20:12:45", "elapsed": 11898.991972, "delta": 66.861824}}
{"target": 0.8366534503153396, "params": {"h_dim1": 247.81469589021881, "h_dim2": 400.0, "z_dim": 5.0}, "datetime": {"datetime": "2024-06-13 20:14:02", "elapsed": 11975.952083, "delta": 76.960111}}
{"target": 0.8076753276602819, "params": {"h_dim1": 368.8027225591608, "h_dim2": 400.0, "z_dim": 5.0}, "datetime": {"datetime": "2024-06-13 20:15:31", "elapsed": 12065.306892, "delta": 89.354809}}
{"target": 0.8035236419098705, "params": {"h_dim1": 400.0, "h_dim2": 192.6760497442195, "z_dim": 5.0}, "datetime": {"datetime": "2024-06-13 20:16:43", "elapsed": 12137.546887, "delta": 72.239995}}
{"target": 0.8014782951721829, "params": {"h_dim1": 137.40319395111848, "h_dim2": 400.0, "z_dim": 5.0}, "datetime": {"datetime": "2024-06-13 20:17:54", "elapsed": 12208.825498, "delta": 71.278611}}
{"target": 0.8104195725161474, "params": {"h_dim1": 219.39862706448244, "h_dim2": 334.9938542492153, "z_dim": 5.0}, "datetime": {"datetime": "2024-06-13 20:19:10", "elapsed": 12284.722701, "delta": 75.897203}}
{"target": 0.797585928470868, "params": {"h_dim1": 223.65371583758065, "h_dim2": 266.22769341352364, "z_dim": 5.0}, "datetime": {"datetime": "2024-06-13 20:20:30", "elapsed": 12364.062775, "delta": 79.340074}}
{"target": 0.7863872577492791, "params": {"h_dim1": 100.0, "h_dim2": 359.463640418727, "z_dim": 5.0}, "datetime": {"datetime": "2024-06-13 20:21:41", "elapsed": 12435.800911, "delta": 71.738136}}
{"target": 0.8233382525618115, "params": {"h_dim1": 163.3369111980861, "h_dim2": 367.33388802122994, "z_dim": 5.0}, "datetime": {"datetime": "2024-06-13 20:22:58", "elapsed": 12512.745636, "delta": 76.944725}}
{"target": 0.769635709034518, "params": {"h_dim1": 397.0733483454523, "h_dim2": 297.8347126557046, "z_dim": 5.316947514573183}, "datetime": {"datetime": "2024-06-13 20:24:28", "elapsed": 12602.049827, "delta": 89.304191}}
