{"target": 0.7152377992357084, "params": {"h_dim": 365.5518711593129, "z_dim": 28.1554169246687}, "datetime": {"datetime": "2024-06-13 20:13:32", "elapsed": 0.0, "delta": 0.0}}
{"target": 0.744055969989084, "params": {"h_dim": 293.73241830633475, "z_dim": 27.336770096729225}, "datetime": {"datetime": "2024-06-13 20:14:54", "elapsed": 82.481573, "delta": 82.481573}}
{"target": 0.7382794310140692, "params": {"h_dim": 292.5627154993888, "z_dim": 27.827562580907784}, "datetime": {"datetime": "2024-06-13 20:16:18", "elapsed": 166.426305, "delta": 83.944732}}
{"target": 0.7194675252133099, "params": {"h_dim": 298.0848540298866, "z_dim": 26.943776072666125}, "datetime": {"datetime": "2024-06-13 20:17:33", "elapsed": 241.14501, "delta": 74.718705}}
{"target": 0.7286086914942808, "params": {"h_dim": 293.2397920440375, "z_dim": 25.136981470028132}, "datetime": {"datetime": "2024-06-13 20:18:44", "elapsed": 312.536188, "delta": 71.391178}}
{"target": 0.7181757522969229, "params": {"h_dim": 294.60792507743815, "z_dim": 29.039984270938177}, "datetime": {"datetime": "2024-06-13 20:19:54", "elapsed": 382.842038, "delta": 70.30585}}
{"target": 0.7378262679193675, "params": {"h_dim": 293.9149254411352, "z_dim": 26.365408240340788}, "datetime": {"datetime": "2024-06-13 20:21:09", "elapsed": 457.102012, "delta": 74.259974}}
{"target": 0.7384370057112677, "params": {"h_dim": 291.6393300734443, "z_dim": 26.516766526377165}, "datetime": {"datetime": "2024-06-13 20:22:25", "elapsed": 533.064644, "delta": 75.962632}}
{"target": 0.7333611986978897, "params": {"h_dim": 289.8365151242357, "z_dim": 26.036814353052815}, "datetime": {"datetime": "2024-06-13 20:23:42", "elapsed": 610.294689, "delta": 77.230045}}
{"target": 0.7365228806610747, "params": {"h_dim": 287.23404062365273, "z_dim": 27.696666104319256}, "datetime": {"datetime": "2024-06-13 20:24:58", "elapsed": 686.724637, "delta": 76.429948}}
{"target": 0.7364788684180641, "params": {"h_dim": 288.84940948527446, "z_dim": 29.27704820336689}, "datetime": {"datetime": "2024-06-13 20:26:13", "elapsed": 761.029803, "delta": 74.305166}}
{"target": 0.7195202991528458, "params": {"h_dim": 286.88090899725813, "z_dim": 29.726284294203197}, "datetime": {"datetime": "2024-06-13 20:27:25", "elapsed": 833.467894, "delta": 72.438091}}
{"target": 0.7207169159697608, "params": {"h_dim": 290.5566815779979, "z_dim": 27.56605900866506}, "datetime": {"datetime": "2024-06-13 20:28:38", "elapsed": 906.32112, "delta": 72.853226}}
{"target": 0.7469526955325401, "params": {"h_dim": 292.4477997894297, "z_dim": 26.925991433147377}, "datetime": {"datetime": "2024-06-13 20:29:47", "elapsed": 975.467325, "delta": 69.146205}}
{"target": 0.7413219810725621, "params": {"h_dim": 285.7185279659962, "z_dim": 26.212941302957056}, "datetime": {"datetime": "2024-06-13 20:30:56", "elapsed": 1044.682629, "delta": 69.215304}}
{"target": 0.7192350346148141, "params": {"h_dim": 286.9245096083796, "z_dim": 25.283237525439596}, "datetime": {"datetime": "2024-06-13 20:32:05", "elapsed": 1113.746212, "delta": 69.063583}}
{"target": 0.7137579554846046, "params": {"h_dim": 292.93713251825363, "z_dim": 26.907786579060893}, "datetime": {"datetime": "2024-06-13 20:33:15", "elapsed": 1183.738307, "delta": 69.992095}}
{"target": 0.7080464160721843, "params": {"h_dim": 146.0782095257068, "z_dim": 42.364346936705445}, "datetime": {"datetime": "2024-06-13 20:34:23", "elapsed": 1251.258964, "delta": 67.520657}}
{"target": 0.731383907928561, "params": {"h_dim": 321.98108526567404, "z_dim": 21.36364847760981}, "datetime": {"datetime": "2024-06-13 20:35:32", "elapsed": 1320.60621, "delta": 69.347246}}
{"target": 0.7770316676238876, "params": {"h_dim": 322.04621605736816, "z_dim": 17.62054888548215}, "datetime": {"datetime": "2024-06-13 20:36:41", "elapsed": 1389.147117, "delta": 68.540907}}
{"target": 0.7410119936079009, "params": {"h_dim": 130.9937340691639, "z_dim": 47.59878828702817}, "datetime": {"datetime": "2024-06-13 20:37:49", "elapsed": 1456.965032, "delta": 67.817915}}
{"target": 0.7192597575414436, "params": {"h_dim": 106.30026970230816, "z_dim": 25.01381611956661}, "datetime": {"datetime": "2024-06-13 20:38:52", "elapsed": 1520.594945, "delta": 63.629913}}
{"target": 0.7334990765579382, "params": {"h_dim": 131.22863511133949, "z_dim": 41.53844241582837}, "datetime": {"datetime": "2024-06-13 20:40:00", "elapsed": 1587.97603, "delta": 67.381085}}
{"target": 0.7429454423088746, "params": {"h_dim": 112.79580042484183, "z_dim": 14.160810100233617}, "datetime": {"datetime": "2024-06-13 20:41:00", "elapsed": 1648.456809, "delta": 60.480779}}
{"target": 0.7289769544288544, "params": {"h_dim": 127.50454437372822, "z_dim": 8.35648510310795}, "datetime": {"datetime": "2024-06-13 20:42:01", "elapsed": 1709.3706, "delta": 60.913791}}
{"target": 0.7292866702130029, "params": {"h_dim": 297.9565342974064, "z_dim": 41.25312715154734}, "datetime": {"datetime": "2024-06-13 20:43:14", "elapsed": 1782.178388, "delta": 72.807788}}
{"target": 0.725406936655515, "params": {"h_dim": 213.07978301355934, "z_dim": 37.48734991825646}, "datetime": {"datetime": "2024-06-13 20:44:24", "elapsed": 1852.10978, "delta": 69.931392}}
{"target": 0.7009730780913032, "params": {"h_dim": 207.5053825497477, "z_dim": 34.347048208010165}, "datetime": {"datetime": "2024-06-13 20:45:33", "elapsed": 1921.770656, "delta": 69.660876}}
{"target": 0.6993871431001029, "params": {"h_dim": 147.05507495123214, "z_dim": 26.124539950554507}, "datetime": {"datetime": "2024-06-13 20:46:39", "elapsed": 1987.571951, "delta": 65.801295}}
{"target": 0.7695283952321157, "params": {"h_dim": 284.96029333657094, "z_dim": 9.394036323406828}, "datetime": {"datetime": "2024-06-13 20:47:47", "elapsed": 2054.966242, "delta": 67.394291}}
{"target": 0.7113477418187489, "params": {"h_dim": 222.04411688674128, "z_dim": 33.5548636553295}, "datetime": {"datetime": "2024-06-13 20:48:56", "elapsed": 2123.939953, "delta": 68.973711}}
{"target": 0.729496747169225, "params": {"h_dim": 156.26159339283657, "z_dim": 7.32795807552046}, "datetime": {"datetime": "2024-06-13 20:49:57", "elapsed": 2185.688279, "delta": 61.748326}}
{"target": 0.722985991609419, "params": {"h_dim": 147.96685637482577, "z_dim": 59.621429992144186}, "datetime": {"datetime": "2024-06-13 20:51:07", "elapsed": 2255.63572, "delta": 69.947441}}
{"target": 0.7246610378086902, "params": {"h_dim": 253.85072429932939, "z_dim": 24.812091720937996}, "datetime": {"datetime": "2024-06-13 20:52:15", "elapsed": 2323.346411, "delta": 67.710691}}
{"target": 0.723880635536789, "params": {"h_dim": 262.75546403449846, "z_dim": 38.13869985231396}, "datetime": {"datetime": "2024-06-13 20:53:26", "elapsed": 2393.952723, "delta": 70.606312}}
{"target": 0.7249412762572425, "params": {"h_dim": 259.41482093565503, "z_dim": 22.445809836756087}, "datetime": {"datetime": "2024-06-13 20:54:34", "elapsed": 2462.382063, "delta": 68.42934}}
{"target": 0.7212684274099557, "params": {"h_dim": 122.44465649500431, "z_dim": 17.949850692195547}, "datetime": {"datetime": "2024-06-13 20:55:38", "elapsed": 2526.227055, "delta": 63.844992}}
{"target": 0.7087652827080244, "params": {"h_dim": 308.94532973928534, "z_dim": 57.71944265185609}, "datetime": {"datetime": "2024-06-13 20:56:53", "elapsed": 2600.984423, "delta": 74.757368}}
{"target": 0.7065475546852119, "params": {"h_dim": 240.84357989770106, "z_dim": 59.32817132056128}, "datetime": {"datetime": "2024-06-13 20:58:05", "elapsed": 2673.363115, "delta": 72.378692}}
{"target": 0.702741866359489, "params": {"h_dim": 115.61397781860931, "z_dim": 52.181355845144374}, "datetime": {"datetime": "2024-06-13 20:59:12", "elapsed": 2740.06435, "delta": 66.701235}}
{"target": 0.734359217060232, "params": {"h_dim": 129.85067318409327, "z_dim": 30.935525985756453}, "datetime": {"datetime": "2024-06-13 21:00:17", "elapsed": 2805.731329, "delta": 65.666979}}
{"target": 0.7409088908534409, "params": {"h_dim": 367.6627181646348, "z_dim": 22.219489022875774}, "datetime": {"datetime": "2024-06-13 21:01:28", "elapsed": 2876.491911, "delta": 70.760582}}
{"target": 0.75096731846444, "params": {"h_dim": 376.50149449315313, "z_dim": 16.58260270600368}, "datetime": {"datetime": "2024-06-13 21:02:37", "elapsed": 2945.302266, "delta": 68.810355}}
{"target": 0.7367278636076889, "params": {"h_dim": 310.351269174855, "z_dim": 26.39760964131148}, "datetime": {"datetime": "2024-06-13 21:03:47", "elapsed": 3015.049634, "delta": 69.747368}}
{"target": 0.6884716993127026, "params": {"h_dim": 201.39125312508259, "z_dim": 36.09135822775973}, "datetime": {"datetime": "2024-06-13 21:04:56", "elapsed": 3084.721675, "delta": 69.672041}}
{"target": 0.7778261972824342, "params": {"h_dim": 361.2482511583831, "z_dim": 21.219192969921917}, "datetime": {"datetime": "2024-06-13 21:06:08", "elapsed": 3156.033421, "delta": 71.311746}}
{"target": 0.7496976195896865, "params": {"h_dim": 333.95261011518267, "z_dim": 54.883932163894634}, "datetime": {"datetime": "2024-06-13 21:07:24", "elapsed": 3232.16437, "delta": 76.130949}}
{"target": 0.7478264200604543, "params": {"h_dim": 138.97510927895377, "z_dim": 7.2117871978389445}, "datetime": {"datetime": "2024-06-13 21:08:26", "elapsed": 3294.218311, "delta": 62.053941}}
{"target": 0.7674321083983511, "params": {"h_dim": 370.8934341387827, "z_dim": 9.676271849009467}, "datetime": {"datetime": "2024-06-13 21:09:35", "elapsed": 3363.312897, "delta": 69.094586}}
{"target": 0.7215736604656495, "params": {"h_dim": 271.8724994054608, "z_dim": 42.75343887182267}, "datetime": {"datetime": "2024-06-13 21:10:47", "elapsed": 3435.653942, "delta": 72.341045}}
{"target": 0.7300400402739192, "params": {"h_dim": 228.01137038277614, "z_dim": 37.34229139997128}, "datetime": {"datetime": "2024-06-13 21:11:59", "elapsed": 3506.95816, "delta": 71.304218}}
